Arguments: 
  /usr/local/bin/node /Users/mussie/.yarn/bin/yarn.js add @mui/material @emotion/react @emotion/styled

PATH: 
  /Users/mussie/.console-ninja/.bin:/Users/mussie/.yarn/bin:/Users/mussie/.config/yarn/global/node_modules/.bin:/opt/homebrew/bin:/opt/homebrew/sbin:/usr/local/bin:/System/Cryptexes/App/usr/bin:/usr/bin:/bin:/usr/sbin:/sbin:/Library/Apple/usr/bin:/Users/mussie/.console-ninja/.bin:/Users/mussie/.yarn/bin:/Users/mussie/.config/yarn/global/node_modules/.bin:/opt/homebrew/bin:/opt/homebrew/sbin

Yarn version: 
  1.22.19

Node version: 
  20.10.0

Platform: 
  darwin arm64

Trace: 
  Error: getaddrinfo ENOTFOUND registry.yarnpkg.com
      at GetAddrInfoReqWrap.onlookupall [as oncomplete] (node:dns:118:26)

npm manifest: 
  {
    "name": "adler-avatar",
    "version": "0.1.0",
    "private": true,
    "scripts": {
      "dev": "next dev",
      "build": "next build",
      "start": "next start",
      "lint": "next lint"
    },
    "dependencies": {
      "next": "14.2.3",
      "react": "^18",
      "react-dom": "^18"
    },
    "devDependencies": {
      "@types/node": "^20",
      "@types/react": "^18",
      "@types/react-dom": "^18",
      "eslint": "^8",
      "eslint-config-next": "14.2.3",
      "typescript": "^5"
    }
  }

yarn manifest: 
  No manifest

Lockfile: 
  No lockfile
